# JRE version: Java(TM) SE Runtime Environment (8.0_161-b12) (build 1.8.0_161-b12)
# Java VM: Java HotSpot(TM) 64-Bit Server VM (25.161-b12 mixed mode windows-amd64 compressed oops)
Heap:
 PSYoungGen      total 138752K, used 7609K [0x000000076af00000, 0x0000000774400000, 0x00000007c0000000)
  eden space 128000K, 5% used [0x000000076af00000,0x000000076b66e590,0x0000000772c00000)
  from space 10752K, 0% used [0x0000000772c00000,0x0000000772c00000,0x0000000773680000)
  to   space 10752K, 0% used [0x0000000773980000,0x0000000773980000,0x0000000774400000)
 ParOldGen       total 95232K, used 7351K [0x00000006c0c00000, 0x00000006c6900000, 0x000000076af00000)
  object space 95232K, 7% used [0x00000006c0c00000,0x00000006c132def8,0x00000006c6900000)
 Metaspace       used 20609K, capacity 21431K, committed 21760K, reserved 1069056K
  class space    used 2780K, capacity 2975K, committed 3072K, reserved 1048576K
GC Heap History (8 events):
Event: 1.144 GC heap before
{Heap before GC invocations=1 (full 0):
 PSYoungGen      total 76288K, used 65536K [0x000000076af00000, 0x0000000770400000, 0x00000007c0000000)
  eden space 65536K, 100% used [0x000000076af00000,0x000000076ef00000,0x000000076ef00000)
  from space 10752K, 0% used [0x000000076f980000,0x000000076f980000,0x0000000770400000)
  to   space 10752K, 0% used [0x000000076ef00000,0x000000076ef00000,0x000000076f980000)
 ParOldGen       total 175104K, used 0K [0x00000006c0c00000, 0x00000006cb700000, 0x000000076af00000)
  object space 175104K, 0% used [0x00000006c0c00000,0x00000006c0c00000,0x00000006cb700000)
 Metaspace       used 12146K, capacity 12466K, committed 12544K, reserved 1060864K
  class space    used 1438K, capacity 1527K, committed 1536K, reserved 1048576K
Event: 1.158 GC heap after
Heap after GC invocations=1 (full 0):
 PSYoungGen      total 76288K, used 3857K [0x000000076af00000, 0x0000000774400000, 0x00000007c0000000)
  eden space 65536K, 0% used [0x000000076af00000,0x000000076af00000,0x000000076ef00000)
  from space 10752K, 35% used [0x000000076ef00000,0x000000076f2c4550,0x000000076f980000)
  to   space 10752K, 0% used [0x0000000773980000,0x0000000773980000,0x0000000774400000)
 ParOldGen       total 175104K, used 80K [0x00000006c0c00000, 0x00000006cb700000, 0x000000076af00000)
  object space 175104K, 0% used [0x00000006c0c00000,0x00000006c0c14010,0x00000006cb700000)
 Metaspace       used 12146K, capacity 12466K, committed 12544K, reserved 1060864K
  class space    used 1438K, capacity 1527K, committed 1536K, reserved 1048576K
}
Event: 2.134 GC heap before
{Heap before GC invocations=2 (full 0):
 PSYoungGen      total 76288K, used 69393K [0x000000076af00000, 0x0000000774400000, 0x00000007c0000000)
  eden space 65536K, 100% used [0x000000076af00000,0x000000076ef00000,0x000000076ef00000)
  from space 10752K, 35% used [0x000000076ef00000,0x000000076f2c4550,0x000000076f980000)
  to   space 10752K, 0% used [0x0000000773980000,0x0000000773980000,0x0000000774400000)
 ParOldGen       total 175104K, used 80K [0x00000006c0c00000, 0x00000006cb700000, 0x000000076af00000)
  object space 175104K, 0% used [0x00000006c0c00000,0x00000006c0c14010,0x00000006cb700000)
 Metaspace       used 19276K, capacity 20050K, committed 20352K, reserved 1067008K
  class space    used 2664K, capacity 2848K, committed 2944K, reserved 1048576K
Event: 2.141 GC heap after
Heap after GC invocations=2 (full 0):
 PSYoungGen      total 73216K, used 7672K [0x000000076af00000, 0x0000000774100000, 0x00000007c0000000)
  eden space 65536K, 0% used [0x000000076af00000,0x000000076af00000,0x000000076ef00000)
  from space 7680K, 99% used [0x0000000773980000,0x00000007740fe120,0x0000000774100000)
  to   space 10752K, 0% used [0x0000000772c00000,0x0000000772c00000,0x0000000773680000)
 ParOldGen       total 175104K, used 96K [0x00000006c0c00000, 0x00000006cb700000, 0x000000076af00000)
  object space 175104K, 0% used [0x00000006c0c00000,0x00000006c0c18010,0x00000006cb700000)
 Metaspace       used 19276K, capacity 20050K, committed 20352K, reserved 1067008K
  class space    used 2664K, capacity 2848K, committed 2944K, reserved 1048576K
}
Event: 2.214 GC heap before
{Heap before GC invocations=3 (full 0):
 PSYoungGen      total 73216K, used 18637K [0x000000076af00000, 0x0000000774100000, 0x00000007c0000000)
  eden space 65536K, 16% used [0x000000076af00000,0x000000076b9b53a8,0x000000076ef00000)
  from space 7680K, 99% used [0x0000000773980000,0x00000007740fe120,0x0000000774100000)
  to   space 10752K, 0% used [0x0000000772c00000,0x0000000772c00000,0x0000000773680000)
 ParOldGen       total 175104K, used 96K [0x00000006c0c00000, 0x00000006cb700000, 0x000000076af00000)
  object space 175104K, 0% used [0x00000006c0c00000,0x00000006c0c18010,0x00000006cb700000)
 Metaspace       used 20444K, capacity 21267K, committed 21296K, reserved 1067008K
  class space    used 2758K, capacity 2941K, committed 2944K, reserved 1048576K
Event: 2.221 GC heap after
Heap after GC invocations=3 (full 0):
 PSYoungGen      total 138752K, used 7431K [0x000000076af00000, 0x0000000774400000, 0x00000007c0000000)
  eden space 128000K, 0% used [0x000000076af00000,0x000000076af00000,0x0000000772c00000)
  from space 10752K, 69% used [0x0000000772c00000,0x0000000773341f00,0x0000000773680000)
  to   space 10752K, 0% used [0x0000000773980000,0x0000000773980000,0x0000000774400000)
 ParOldGen       total 175104K, used 104K [0x00000006c0c00000, 0x00000006cb700000, 0x000000076af00000)
  object space 175104K, 0% used [0x00000006c0c00000,0x00000006c0c1a010,0x00000006cb700000)
 Metaspace       used 20444K, capacity 21267K, committed 21296K, reserved 1067008K
  class space    used 2758K, capacity 2941K, committed 2944K, reserved 1048576K
}
Event: 2.221 GC heap before
{Heap before GC invocations=4 (full 1):
 PSYoungGen      total 138752K, used 7431K [0x000000076af00000, 0x0000000774400000, 0x00000007c0000000)
  eden space 128000K, 0% used [0x000000076af00000,0x000000076af00000,0x0000000772c00000)
  from space 10752K, 69% used [0x0000000772c00000,0x0000000773341f00,0x0000000773680000)
  to   space 10752K, 0% used [0x0000000773980000,0x0000000773980000,0x0000000774400000)
 ParOldGen       total 175104K, used 104K [0x00000006c0c00000, 0x00000006cb700000, 0x000000076af00000)
  object space 175104K, 0% used [0x00000006c0c00000,0x00000006c0c1a010,0x00000006cb700000)
 Metaspace       used 20444K, capacity 21267K, committed 21296K, reserved 1067008K
  class space    used 2758K, capacity 2941K, committed 2944K, reserved 1048576K
Event: 2.254 GC heap after
Heap after GC invocations=4 (full 1):
 PSYoungGen      total 138752K, used 0K [0x000000076af00000, 0x0000000774400000, 0x00000007c0000000)
  eden space 128000K, 0% used [0x000000076af00000,0x000000076af00000,0x0000000772c00000)
  from space 10752K, 0% used [0x0000000772c00000,0x0000000772c00000,0x0000000773680000)
  to   space 10752K, 0% used [0x0000000773980000,0x0000000773980000,0x0000000774400000)
 ParOldGen       total 95232K, used 7351K [0x00000006c0c00000, 0x00000006c6900000, 0x000000076af00000)
  object space 95232K, 7% used [0x00000006c0c00000,0x00000006c132def8,0x00000006c6900000)
 Metaspace       used 20444K, capacity 21267K, committed 21296K, reserved 1067008K
  class space    used 2758K, capacity 2941K, committed 2944K, reserved 1048576K
}

