# JRE version: Java(TM) SE Runtime Environment (8.0_161-b12) (build 1.8.0_161-b12)
# Java VM: Java HotSpot(TM) 64-Bit Server VM (25.161-b12 mixed mode windows-amd64 compressed oops)
Heap:
 PSYoungGen      total 76288K, used 16514K [0x000000076af00000, 0x0000000774400000, 0x00000007c0000000)
  eden space 65536K, 8% used [0x000000076af00000,0x000000076b4a88d8,0x000000076ef00000)
  from space 10752K, 99% used [0x0000000773980000,0x00000007743f8090,0x0000000774400000)
  to   space 10752K, 0% used [0x000000076ef00000,0x000000076ef00000,0x000000076f980000)
 ParOldGen       total 175104K, used 780K [0x00000006c0c00000, 0x00000006cb700000, 0x000000076af00000)
  object space 175104K, 0% used [0x00000006c0c00000,0x00000006c0cc3010,0x00000006cb700000)
 Metaspace       used 19741K, capacity 20536K, committed 20608K, reserved 1067008K
  class space    used 2724K, capacity 2907K, committed 2944K, reserved 1048576K
GC Heap History (4 events):
Event: 1.221 GC heap before
{Heap before GC invocations=1 (full 0):
 PSYoungGen      total 76288K, used 65536K [0x000000076af00000, 0x0000000770400000, 0x00000007c0000000)
  eden space 65536K, 100% used [0x000000076af00000,0x000000076ef00000,0x000000076ef00000)
  from space 10752K, 0% used [0x000000076f980000,0x000000076f980000,0x0000000770400000)
  to   space 10752K, 0% used [0x000000076ef00000,0x000000076ef00000,0x000000076f980000)
 ParOldGen       total 175104K, used 0K [0x00000006c0c00000, 0x00000006cb700000, 0x000000076af00000)
  object space 175104K, 0% used [0x00000006c0c00000,0x00000006c0c00000,0x00000006cb700000)
 Metaspace       used 12140K, capacity 12530K, committed 12800K, reserved 1060864K
  class space    used 1431K, capacity 1527K, committed 1536K, reserved 1048576K
Event: 1.237 GC heap after
Heap after GC invocations=1 (full 0):
 PSYoungGen      total 76288K, used 3913K [0x000000076af00000, 0x0000000774400000, 0x00000007c0000000)
  eden space 65536K, 0% used [0x000000076af00000,0x000000076af00000,0x000000076ef00000)
  from space 10752K, 36% used [0x000000076ef00000,0x000000076f2d2558,0x000000076f980000)
  to   space 10752K, 0% used [0x0000000773980000,0x0000000773980000,0x0000000774400000)
 ParOldGen       total 175104K, used 80K [0x00000006c0c00000, 0x00000006cb700000, 0x000000076af00000)
  object space 175104K, 0% used [0x00000006c0c00000,0x00000006c0c14010,0x00000006cb700000)
 Metaspace       used 12140K, capacity 12530K, committed 12800K, reserved 1060864K
  class space    used 1431K, capacity 1527K, committed 1536K, reserved 1048576K
}
Event: 12.819 GC heap before
{Heap before GC invocations=2 (full 0):
 PSYoungGen      total 76288K, used 69449K [0x000000076af00000, 0x0000000774400000, 0x00000007c0000000)
  eden space 65536K, 100% used [0x000000076af00000,0x000000076ef00000,0x000000076ef00000)
  from space 10752K, 36% used [0x000000076ef00000,0x000000076f2d2558,0x000000076f980000)
  to   space 10752K, 0% used [0x0000000773980000,0x0000000773980000,0x0000000774400000)
 ParOldGen       total 175104K, used 80K [0x00000006c0c00000, 0x00000006cb700000, 0x000000076af00000)
  object space 175104K, 0% used [0x00000006c0c00000,0x00000006c0c14010,0x00000006cb700000)
 Metaspace       used 19551K, capacity 20342K, committed 20608K, reserved 1067008K
  class space    used 2698K, capacity 2892K, committed 2944K, reserved 1048576K
Event: 12.825 GC heap after
Heap after GC invocations=2 (full 0):
 PSYoungGen      total 76288K, used 10720K [0x000000076af00000, 0x0000000774400000, 0x00000007c0000000)
  eden space 65536K, 0% used [0x000000076af00000,0x000000076af00000,0x000000076ef00000)
  from space 10752K, 99% used [0x0000000773980000,0x00000007743f8090,0x0000000774400000)
  to   space 10752K, 0% used [0x000000076ef00000,0x000000076ef00000,0x000000076f980000)
 ParOldGen       total 175104K, used 780K [0x00000006c0c00000, 0x00000006cb700000, 0x000000076af00000)
  object space 175104K, 0% used [0x00000006c0c00000,0x00000006c0cc3010,0x00000006cb700000)
 Metaspace       used 19551K, capacity 20342K, committed 20608K, reserved 1067008K
  class space    used 2698K, capacity 2892K, committed 2944K, reserved 1048576K
}

