# JRE version: Java(TM) SE Runtime Environment (8.0_161-b12) (build 1.8.0_161-b12)
# Java VM: Java HotSpot(TM) 64-Bit Server VM (25.161-b12 mixed mode windows-amd64 compressed oops)
Heap:
 PSYoungGen      total 141824K, used 13431K [0x000000076af00000, 0x000000077c400000, 0x00000007c0000000)
  eden space 131072K, 10% used [0x000000076af00000,0x000000076bc1dfb0,0x0000000772f00000)
  from space 10752K, 0% used [0x0000000772f00000,0x0000000772f00000,0x0000000773980000)
  to   space 10752K, 0% used [0x000000077b980000,0x000000077b980000,0x000000077c400000)
 ParOldGen       total 87040K, used 10225K [0x00000006c0c00000, 0x00000006c6100000, 0x000000076af00000)
  object space 87040K, 11% used [0x00000006c0c00000,0x00000006c15fc4b8,0x00000006c6100000)
 Metaspace       used 20934K, capacity 21769K, committed 22016K, reserved 1069056K
  class space    used 2784K, capacity 2976K, committed 3072K, reserved 1048576K
GC Heap History (8 events):
Event: 1.157 GC heap before
{Heap before GC invocations=1 (full 0):
 PSYoungGen      total 76288K, used 65536K [0x000000076af00000, 0x0000000770400000, 0x00000007c0000000)
  eden space 65536K, 100% used [0x000000076af00000,0x000000076ef00000,0x000000076ef00000)
  from space 10752K, 0% used [0x000000076f980000,0x000000076f980000,0x0000000770400000)
  to   space 10752K, 0% used [0x000000076ef00000,0x000000076ef00000,0x000000076f980000)
 ParOldGen       total 175104K, used 0K [0x00000006c0c00000, 0x00000006cb700000, 0x000000076af00000)
  object space 175104K, 0% used [0x00000006c0c00000,0x00000006c0c00000,0x00000006cb700000)
 Metaspace       used 12233K, capacity 12594K, committed 12800K, reserved 1060864K
  class space    used 1439K, capacity 1527K, committed 1536K, reserved 1048576K
Event: 1.171 GC heap after
Heap after GC invocations=1 (full 0):
 PSYoungGen      total 76288K, used 3863K [0x000000076af00000, 0x0000000774400000, 0x00000007c0000000)
  eden space 65536K, 0% used [0x000000076af00000,0x000000076af00000,0x000000076ef00000)
  from space 10752K, 35% used [0x000000076ef00000,0x000000076f2c5fb0,0x000000076f980000)
  to   space 10752K, 0% used [0x0000000773980000,0x0000000773980000,0x0000000774400000)
 ParOldGen       total 175104K, used 80K [0x00000006c0c00000, 0x00000006cb700000, 0x000000076af00000)
  object space 175104K, 0% used [0x00000006c0c00000,0x00000006c0c14010,0x00000006cb700000)
 Metaspace       used 12233K, capacity 12594K, committed 12800K, reserved 1060864K
  class space    used 1439K, capacity 1527K, committed 1536K, reserved 1048576K
}
Event: 2.410 GC heap before
{Heap before GC invocations=2 (full 0):
 PSYoungGen      total 76288K, used 68269K [0x000000076af00000, 0x0000000774400000, 0x00000007c0000000)
  eden space 65536K, 98% used [0x000000076af00000,0x000000076ede5530,0x000000076ef00000)
  from space 10752K, 35% used [0x000000076ef00000,0x000000076f2c5fb0,0x000000076f980000)
  to   space 10752K, 0% used [0x0000000773980000,0x0000000773980000,0x0000000774400000)
 ParOldGen       total 175104K, used 80K [0x00000006c0c00000, 0x00000006cb700000, 0x000000076af00000)
  object space 175104K, 0% used [0x00000006c0c00000,0x00000006c0c14010,0x00000006cb700000)
 Metaspace       used 19516K, capacity 20332K, committed 20608K, reserved 1067008K
  class space    used 2721K, capacity 2923K, committed 2944K, reserved 1048576K
Event: 2.436 GC heap after
Heap after GC invocations=2 (full 0):
 PSYoungGen      total 141824K, used 7116K [0x000000076af00000, 0x0000000774400000, 0x00000007c0000000)
  eden space 131072K, 0% used [0x000000076af00000,0x000000076af00000,0x0000000772f00000)
  from space 10752K, 66% used [0x0000000773980000,0x0000000774073090,0x0000000774400000)
  to   space 10752K, 0% used [0x0000000772f00000,0x0000000772f00000,0x0000000773980000)
 ParOldGen       total 175104K, used 96K [0x00000006c0c00000, 0x00000006cb700000, 0x000000076af00000)
  object space 175104K, 0% used [0x00000006c0c00000,0x00000006c0c18010,0x00000006cb700000)
 Metaspace       used 19516K, capacity 20332K, committed 20608K, reserved 1067008K
  class space    used 2721K, capacity 2923K, committed 2944K, reserved 1048576K
}
Event: 18.413 GC heap before
{Heap before GC invocations=3 (full 0):
 PSYoungGen      total 141824K, used 21947K [0x000000076af00000, 0x0000000774400000, 0x00000007c0000000)
  eden space 131072K, 11% used [0x000000076af00000,0x000000076bd7bbb0,0x0000000772f00000)
  from space 10752K, 66% used [0x0000000773980000,0x0000000774073090,0x0000000774400000)
  to   space 10752K, 0% used [0x0000000772f00000,0x0000000772f00000,0x0000000773980000)
 ParOldGen       total 175104K, used 96K [0x00000006c0c00000, 0x00000006cb700000, 0x000000076af00000)
  object space 175104K, 0% used [0x00000006c0c00000,0x00000006c0c18010,0x00000006cb700000)
 Metaspace       used 20331K, capacity 21140K, committed 21248K, reserved 1067008K
  class space    used 2772K, capacity 2975K, committed 3072K, reserved 1048576K
Event: 18.419 GC heap after
Heap after GC invocations=3 (full 0):
 PSYoungGen      total 141824K, used 10300K [0x000000076af00000, 0x000000077c400000, 0x00000007c0000000)
  eden space 131072K, 0% used [0x000000076af00000,0x000000076af00000,0x0000000772f00000)
  from space 10752K, 95% used [0x0000000772f00000,0x000000077390f068,0x0000000773980000)
  to   space 10752K, 0% used [0x000000077b980000,0x000000077b980000,0x000000077c400000)
 ParOldGen       total 175104K, used 2152K [0x00000006c0c00000, 0x00000006cb700000, 0x000000076af00000)
  object space 175104K, 1% used [0x00000006c0c00000,0x00000006c0e1a020,0x00000006cb700000)
 Metaspace       used 20331K, capacity 21140K, committed 21248K, reserved 1067008K
  class space    used 2772K, capacity 2975K, committed 3072K, reserved 1048576K
}
Event: 18.419 GC heap before
{Heap before GC invocations=4 (full 1):
 PSYoungGen      total 141824K, used 10300K [0x000000076af00000, 0x000000077c400000, 0x00000007c0000000)
  eden space 131072K, 0% used [0x000000076af00000,0x000000076af00000,0x0000000772f00000)
  from space 10752K, 95% used [0x0000000772f00000,0x000000077390f068,0x0000000773980000)
  to   space 10752K, 0% used [0x000000077b980000,0x000000077b980000,0x000000077c400000)
 ParOldGen       total 175104K, used 2152K [0x00000006c0c00000, 0x00000006cb700000, 0x000000076af00000)
  object space 175104K, 1% used [0x00000006c0c00000,0x00000006c0e1a020,0x00000006cb700000)
 Metaspace       used 20331K, capacity 21140K, committed 21248K, reserved 1067008K
  class space    used 2772K, capacity 2975K, committed 3072K, reserved 1048576K
Event: 18.449 GC heap after
Heap after GC invocations=4 (full 1):
 PSYoungGen      total 141824K, used 0K [0x000000076af00000, 0x000000077c400000, 0x00000007c0000000)
  eden space 131072K, 0% used [0x000000076af00000,0x000000076af00000,0x0000000772f00000)
  from space 10752K, 0% used [0x0000000772f00000,0x0000000772f00000,0x0000000773980000)
  to   space 10752K, 0% used [0x000000077b980000,0x000000077b980000,0x000000077c400000)
 ParOldGen       total 87040K, used 10225K [0x00000006c0c00000, 0x00000006c6100000, 0x000000076af00000)
  object space 87040K, 11% used [0x00000006c0c00000,0x00000006c15fc4b8,0x00000006c6100000)
 Metaspace       used 20331K, capacity 21140K, committed 21248K, reserved 1067008K
  class space    used 2772K, capacity 2975K, committed 3072K, reserved 1048576K
}

