# JRE version: Java(TM) SE Runtime Environment (8.0_161-b12) (build 1.8.0_161-b12)
# Java VM: Java HotSpot(TM) 64-Bit Server VM (25.161-b12 mixed mode windows-amd64 compressed oops)
Heap:
 PSYoungGen      total 552448K, used 489393K [0x000000076af00000, 0x000000078e500000, 0x00000007c0000000)
  eden space 551936K, 88% used [0x000000076af00000,0x0000000788c94588,0x000000078ca00000)
  from space 512K, 68% used [0x000000078e480000,0x000000078e4d8000,0x000000078e500000)
  to   space 11776K, 0% used [0x000000078ce00000,0x000000078ce00000,0x000000078d980000)
 ParOldGen       total 108544K, used 13652K [0x00000006c0c00000, 0x00000006c7600000, 0x000000076af00000)
  object space 108544K, 12% used [0x00000006c0c00000,0x00000006c19552f0,0x00000006c7600000)
 Metaspace       used 28459K, capacity 29629K, committed 29824K, reserved 1075200K
  class space    used 3411K, capacity 3678K, committed 3712K, reserved 1048576K
GC Heap History (10 events):
Event: 6.750 GC heap before
{Heap before GC invocations=7 (full 1):
 PSYoungGen      total 267776K, used 260224K [0x000000076af00000, 0x000000077ee80000, 0x00000007c0000000)
  eden space 257024K, 100% used [0x000000076af00000,0x000000077aa00000,0x000000077aa00000)
  from space 10752K, 29% used [0x000000077aa00000,0x000000077ad20000,0x000000077b480000)
  to   space 11776K, 0% used [0x000000077e300000,0x000000077e300000,0x000000077ee80000)
 ParOldGen       total 108544K, used 10584K [0x00000006c0c00000, 0x00000006c7600000, 0x000000076af00000)
  object space 108544K, 9% used [0x00000006c0c00000,0x00000006c1656068,0x00000006c7600000)
 Metaspace       used 26790K, capacity 27973K, committed 28160K, reserved 1073152K
  class space    used 3284K, capacity 3536K, committed 3584K, reserved 1048576K
Event: 6.763 GC heap after
Heap after GC invocations=7 (full 1):
 PSYoungGen      total 315392K, used 3424K [0x000000076af00000, 0x0000000785080000, 0x00000007c0000000)
  eden space 303616K, 0% used [0x000000076af00000,0x000000076af00000,0x000000077d780000)
  from space 11776K, 29% used [0x000000077e300000,0x000000077e658000,0x000000077ee80000)
  to   space 11776K, 0% used [0x000000077d780000,0x000000077d780000,0x000000077e300000)
 ParOldGen       total 108544K, used 10592K [0x00000006c0c00000, 0x00000006c7600000, 0x000000076af00000)
  object space 108544K, 9% used [0x00000006c0c00000,0x00000006c1658068,0x00000006c7600000)
 Metaspace       used 26790K, capacity 27973K, committed 28160K, reserved 1073152K
  class space    used 3284K, capacity 3536K, committed 3584K, reserved 1048576K
}
Event: 7.364 GC heap before
{Heap before GC invocations=8 (full 1):
 PSYoungGen      total 315392K, used 307040K [0x000000076af00000, 0x0000000785080000, 0x00000007c0000000)
  eden space 303616K, 100% used [0x000000076af00000,0x000000077d780000,0x000000077d780000)
  from space 11776K, 29% used [0x000000077e300000,0x000000077e658000,0x000000077ee80000)
  to   space 11776K, 0% used [0x000000077d780000,0x000000077d780000,0x000000077e300000)
 ParOldGen       total 108544K, used 10592K [0x00000006c0c00000, 0x00000006c7600000, 0x000000076af00000)
  object space 108544K, 9% used [0x00000006c0c00000,0x00000006c1658068,0x00000006c7600000)
 Metaspace       used 26836K, capacity 28045K, committed 28160K, reserved 1073152K
  class space    used 3284K, capacity 3536K, committed 3584K, reserved 1048576K
Event: 7.368 GC heap after
Heap after GC invocations=8 (full 1):
 PSYoungGen      total 315392K, used 3121K [0x000000076af00000, 0x0000000788980000, 0x00000007c0000000)
  eden space 303616K, 0% used [0x000000076af00000,0x000000076af00000,0x000000077d780000)
  from space 11776K, 26% used [0x000000077d780000,0x000000077da8c6d0,0x000000077e300000)
  to   space 11264K, 0% used [0x0000000787e80000,0x0000000787e80000,0x0000000788980000)
 ParOldGen       total 108544K, used 10600K [0x00000006c0c00000, 0x00000006c7600000, 0x000000076af00000)
  object space 108544K, 9% used [0x00000006c0c00000,0x00000006c165a068,0x00000006c7600000)
 Metaspace       used 26836K, capacity 28045K, committed 28160K, reserved 1073152K
  class space    used 3284K, capacity 3536K, committed 3584K, reserved 1048576K
}
Event: 7.948 GC heap before
{Heap before GC invocations=9 (full 1):
 PSYoungGen      total 315392K, used 306737K [0x000000076af00000, 0x0000000788980000, 0x00000007c0000000)
  eden space 303616K, 100% used [0x000000076af00000,0x000000077d780000,0x000000077d780000)
  from space 11776K, 26% used [0x000000077d780000,0x000000077da8c6d0,0x000000077e300000)
  to   space 11264K, 0% used [0x0000000787e80000,0x0000000787e80000,0x0000000788980000)
 ParOldGen       total 108544K, used 10600K [0x00000006c0c00000, 0x00000006c7600000, 0x000000076af00000)
  object space 108544K, 9% used [0x00000006c0c00000,0x00000006c165a068,0x00000006c7600000)
 Metaspace       used 26903K, capacity 28045K, committed 28160K, reserved 1073152K
  class space    used 3284K, capacity 3536K, committed 3584K, reserved 1048576K
Event: 7.951 GC heap after
Heap after GC invocations=9 (full 1):
 PSYoungGen      total 452096K, used 288K [0x000000076af00000, 0x0000000787f00000, 0x00000007c0000000)
  eden space 451584K, 0% used [0x000000076af00000,0x000000076af00000,0x0000000786800000)
  from space 512K, 56% used [0x0000000787e80000,0x0000000787ec8000,0x0000000787f00000)
  to   space 11776K, 0% used [0x0000000786800000,0x0000000786800000,0x0000000787380000)
 ParOldGen       total 108544K, used 13612K [0x00000006c0c00000, 0x00000006c7600000, 0x000000076af00000)
  object space 108544K, 12% used [0x00000006c0c00000,0x00000006c194b2f0,0x00000006c7600000)
 Metaspace       used 26903K, capacity 28045K, committed 28160K, reserved 1073152K
  class space    used 3284K, capacity 3536K, committed 3584K, reserved 1048576K
}
Event: 8.846 GC heap before
{Heap before GC invocations=10 (full 1):
 PSYoungGen      total 452096K, used 451872K [0x000000076af00000, 0x0000000787f00000, 0x00000007c0000000)
  eden space 451584K, 100% used [0x000000076af00000,0x0000000786800000,0x0000000786800000)
  from space 512K, 56% used [0x0000000787e80000,0x0000000787ec8000,0x0000000787f00000)
  to   space 11776K, 0% used [0x0000000786800000,0x0000000786800000,0x0000000787380000)
 ParOldGen       total 108544K, used 13612K [0x00000006c0c00000, 0x00000006c7600000, 0x000000076af00000)
  object space 108544K, 12% used [0x00000006c0c00000,0x00000006c194b2f0,0x00000006c7600000)
 Metaspace       used 26978K, capacity 28109K, committed 28160K, reserved 1073152K
  class space    used 3286K, capacity 3536K, committed 3584K, reserved 1048576K
Event: 8.847 GC heap after
Heap after GC invocations=10 (full 1):
 PSYoungGen      total 463360K, used 448K [0x000000076af00000, 0x000000078f000000, 0x00000007c0000000)
  eden space 451584K, 0% used [0x000000076af00000,0x000000076af00000,0x0000000786800000)
  from space 11776K, 3% used [0x0000000786800000,0x0000000786870000,0x0000000787380000)
  to   space 11776K, 0% used [0x000000078e480000,0x000000078e480000,0x000000078f000000)
 ParOldGen       total 108544K, used 13644K [0x00000006c0c00000, 0x00000006c7600000, 0x000000076af00000)
  object space 108544K, 12% used [0x00000006c0c00000,0x00000006c19532f0,0x00000006c7600000)
 Metaspace       used 26978K, capacity 28109K, committed 28160K, reserved 1073152K
  class space    used 3286K, capacity 3536K, committed 3584K, reserved 1048576K
}
Event: 9.720 GC heap before
{Heap before GC invocations=11 (full 1):
 PSYoungGen      total 463360K, used 452032K [0x000000076af00000, 0x000000078f000000, 0x00000007c0000000)
  eden space 451584K, 100% used [0x000000076af00000,0x0000000786800000,0x0000000786800000)
  from space 11776K, 3% used [0x0000000786800000,0x0000000786870000,0x0000000787380000)
  to   space 11776K, 0% used [0x000000078e480000,0x000000078e480000,0x000000078f000000)
 ParOldGen       total 108544K, used 13644K [0x00000006c0c00000, 0x00000006c7600000, 0x000000076af00000)
  object space 108544K, 12% used [0x00000006c0c00000,0x00000006c19532f0,0x00000006c7600000)
 Metaspace       used 27105K, capacity 28307K, committed 28416K, reserved 1075200K
  class space    used 3290K, capacity 3537K, committed 3584K, reserved 1048576K
Event: 9.721 GC heap after
Heap after GC invocations=11 (full 1):
 PSYoungGen      total 552448K, used 352K [0x000000076af00000, 0x000000078e500000, 0x00000007c0000000)
  eden space 551936K, 0% used [0x000000076af00000,0x000000076af00000,0x000000078ca00000)
  from space 512K, 68% used [0x000000078e480000,0x000000078e4d8000,0x000000078e500000)
  to   space 11776K, 0% used [0x000000078ce00000,0x000000078ce00000,0x000000078d980000)
 ParOldGen       total 108544K, used 13652K [0x00000006c0c00000, 0x00000006c7600000, 0x000000076af00000)
  object space 108544K, 12% used [0x00000006c0c00000,0x00000006c19552f0,0x00000006c7600000)
 Metaspace       used 27105K, capacity 28307K, committed 28416K, reserved 1075200K
  class space    used 3290K, capacity 3537K, committed 3584K, reserved 1048576K
}

