# JRE version: Java(TM) SE Runtime Environment (8.0_161-b12) (build 1.8.0_161-b12)
# Java VM: Java HotSpot(TM) 64-Bit Server VM (25.161-b12 mixed mode windows-amd64 compressed oops)
Heap:
 PSYoungGen      total 141824K, used 5555K [0x000000076af00000, 0x0000000774400000, 0x00000007c0000000)
  eden space 131072K, 4% used [0x000000076af00000,0x000000076b46cdc8,0x0000000772f00000)
  from space 10752K, 0% used [0x0000000772f00000,0x0000000772f00000,0x0000000773980000)
  to   space 10752K, 0% used [0x0000000773980000,0x0000000773980000,0x0000000774400000)
 ParOldGen       total 105984K, used 10421K [0x00000006c0c00000, 0x00000006c7380000, 0x000000076af00000)
  object space 105984K, 9% used [0x00000006c0c00000,0x00000006c162d660,0x00000006c7380000)
 Metaspace       used 20795K, capacity 21629K, committed 21760K, reserved 1069056K
  class space    used 2784K, capacity 2976K, committed 3072K, reserved 1048576K
GC Heap History (8 events):
Event: 1.150 GC heap before
{Heap before GC invocations=1 (full 0):
 PSYoungGen      total 76288K, used 65536K [0x000000076af00000, 0x0000000770400000, 0x00000007c0000000)
  eden space 65536K, 100% used [0x000000076af00000,0x000000076ef00000,0x000000076ef00000)
  from space 10752K, 0% used [0x000000076f980000,0x000000076f980000,0x0000000770400000)
  to   space 10752K, 0% used [0x000000076ef00000,0x000000076ef00000,0x000000076f980000)
 ParOldGen       total 175104K, used 0K [0x00000006c0c00000, 0x00000006cb700000, 0x000000076af00000)
  object space 175104K, 0% used [0x00000006c0c00000,0x00000006c0c00000,0x00000006cb700000)
 Metaspace       used 12150K, capacity 12466K, committed 12544K, reserved 1060864K
  class space    used 1437K, capacity 1527K, committed 1536K, reserved 1048576K
Event: 1.173 GC heap after
Heap after GC invocations=1 (full 0):
 PSYoungGen      total 76288K, used 3825K [0x000000076af00000, 0x0000000774400000, 0x00000007c0000000)
  eden space 65536K, 0% used [0x000000076af00000,0x000000076af00000,0x000000076ef00000)
  from space 10752K, 35% used [0x000000076ef00000,0x000000076f2bc530,0x000000076f980000)
  to   space 10752K, 0% used [0x0000000773980000,0x0000000773980000,0x0000000774400000)
 ParOldGen       total 175104K, used 72K [0x00000006c0c00000, 0x00000006cb700000, 0x000000076af00000)
  object space 175104K, 0% used [0x00000006c0c00000,0x00000006c0c12010,0x00000006cb700000)
 Metaspace       used 12150K, capacity 12466K, committed 12544K, reserved 1060864K
  class space    used 1437K, capacity 1527K, committed 1536K, reserved 1048576K
}
Event: 2.386 GC heap before
{Heap before GC invocations=2 (full 0):
 PSYoungGen      total 76288K, used 68488K [0x000000076af00000, 0x0000000774400000, 0x00000007c0000000)
  eden space 65536K, 98% used [0x000000076af00000,0x000000076ee25c08,0x000000076ef00000)
  from space 10752K, 35% used [0x000000076ef00000,0x000000076f2bc530,0x000000076f980000)
  to   space 10752K, 0% used [0x0000000773980000,0x0000000773980000,0x0000000774400000)
 ParOldGen       total 175104K, used 72K [0x00000006c0c00000, 0x00000006cb700000, 0x000000076af00000)
  object space 175104K, 0% used [0x00000006c0c00000,0x00000006c0c12010,0x00000006cb700000)
 Metaspace       used 19548K, capacity 20332K, committed 20608K, reserved 1067008K
  class space    used 2721K, capacity 2923K, committed 2944K, reserved 1048576K
Event: 2.393 GC heap after
Heap after GC invocations=2 (full 0):
 PSYoungGen      total 141824K, used 7209K [0x000000076af00000, 0x0000000774400000, 0x00000007c0000000)
  eden space 131072K, 0% used [0x000000076af00000,0x000000076af00000,0x0000000772f00000)
  from space 10752K, 67% used [0x0000000773980000,0x000000077408a600,0x0000000774400000)
  to   space 10752K, 0% used [0x0000000772f00000,0x0000000772f00000,0x0000000773980000)
 ParOldGen       total 175104K, used 88K [0x00000006c0c00000, 0x00000006cb700000, 0x000000076af00000)
  object space 175104K, 0% used [0x00000006c0c00000,0x00000006c0c16010,0x00000006cb700000)
 Metaspace       used 19548K, capacity 20332K, committed 20608K, reserved 1067008K
  class space    used 2721K, capacity 2923K, committed 2944K, reserved 1048576K
}
Event: 5.174 GC heap before
{Heap before GC invocations=3 (full 0):
 PSYoungGen      total 141824K, used 24808K [0x000000076af00000, 0x0000000774400000, 0x00000007c0000000)
  eden space 131072K, 13% used [0x000000076af00000,0x000000076c02fb18,0x0000000772f00000)
  from space 10752K, 67% used [0x0000000773980000,0x000000077408a600,0x0000000774400000)
  to   space 10752K, 0% used [0x0000000772f00000,0x0000000772f00000,0x0000000773980000)
 ParOldGen       total 175104K, used 88K [0x00000006c0c00000, 0x00000006cb700000, 0x000000076af00000)
  object space 175104K, 0% used [0x00000006c0c00000,0x00000006c0c16010,0x00000006cb700000)
 Metaspace       used 20258K, capacity 21130K, committed 21248K, reserved 1067008K
  class space    used 2779K, capacity 2976K, committed 3072K, reserved 1048576K
Event: 5.186 GC heap after
Heap after GC invocations=3 (full 0):
 PSYoungGen      total 141824K, used 10559K [0x000000076af00000, 0x0000000774400000, 0x00000007c0000000)
  eden space 131072K, 0% used [0x000000076af00000,0x000000076af00000,0x0000000772f00000)
  from space 10752K, 98% used [0x0000000772f00000,0x000000077394ff78,0x0000000773980000)
  to   space 10752K, 0% used [0x0000000773980000,0x0000000773980000,0x0000000774400000)
 ParOldGen       total 175104K, used 2144K [0x00000006c0c00000, 0x00000006cb700000, 0x000000076af00000)
  object space 175104K, 1% used [0x00000006c0c00000,0x00000006c0e18020,0x00000006cb700000)
 Metaspace       used 20258K, capacity 21130K, committed 21248K, reserved 1067008K
  class space    used 2779K, capacity 2976K, committed 3072K, reserved 1048576K
}
Event: 5.186 GC heap before
{Heap before GC invocations=4 (full 1):
 PSYoungGen      total 141824K, used 10559K [0x000000076af00000, 0x0000000774400000, 0x00000007c0000000)
  eden space 131072K, 0% used [0x000000076af00000,0x000000076af00000,0x0000000772f00000)
  from space 10752K, 98% used [0x0000000772f00000,0x000000077394ff78,0x0000000773980000)
  to   space 10752K, 0% used [0x0000000773980000,0x0000000773980000,0x0000000774400000)
 ParOldGen       total 175104K, used 2144K [0x00000006c0c00000, 0x00000006cb700000, 0x000000076af00000)
  object space 175104K, 1% used [0x00000006c0c00000,0x00000006c0e18020,0x00000006cb700000)
 Metaspace       used 20258K, capacity 21130K, committed 21248K, reserved 1067008K
  class space    used 2779K, capacity 2976K, committed 3072K, reserved 1048576K
Event: 5.222 GC heap after
Heap after GC invocations=4 (full 1):
 PSYoungGen      total 141824K, used 0K [0x000000076af00000, 0x0000000774400000, 0x00000007c0000000)
  eden space 131072K, 0% used [0x000000076af00000,0x000000076af00000,0x0000000772f00000)
  from space 10752K, 0% used [0x0000000772f00000,0x0000000772f00000,0x0000000773980000)
  to   space 10752K, 0% used [0x0000000773980000,0x0000000773980000,0x0000000774400000)
 ParOldGen       total 105984K, used 10421K [0x00000006c0c00000, 0x00000006c7380000, 0x000000076af00000)
  object space 105984K, 9% used [0x00000006c0c00000,0x00000006c162d660,0x00000006c7380000)
 Metaspace       used 20258K, capacity 21130K, committed 21248K, reserved 1067008K
  class space    used 2779K, capacity 2976K, committed 3072K, reserved 1048576K
}

