# JRE version: Java(TM) SE Runtime Environment (8.0_161-b12) (build 1.8.0_161-b12)
# Java VM: Java HotSpot(TM) 64-Bit Server VM (25.161-b12 mixed mode windows-amd64 compressed oops)
Heap:
 PSYoungGen      total 76288K, used 4182K [0x000000076af00000, 0x0000000770400000, 0x00000007c0000000)
  eden space 65536K, 6% used [0x000000076af00000,0x000000076b315b70,0x000000076ef00000)
  from space 10752K, 0% used [0x000000076ef00000,0x000000076ef00000,0x000000076f980000)
  to   space 10752K, 0% used [0x000000076f980000,0x000000076f980000,0x0000000770400000)
 ParOldGen       total 78336K, used 10422K [0x00000006c0c00000, 0x00000006c5880000, 0x000000076af00000)
  object space 78336K, 13% used [0x00000006c0c00000,0x00000006c162d850,0x00000006c5880000)
 Metaspace       used 20793K, capacity 21629K, committed 21760K, reserved 1069056K
  class space    used 2784K, capacity 2976K, committed 3072K, reserved 1048576K
GC Heap History (8 events):
Event: 1.717 GC heap before
{Heap before GC invocations=1 (full 0):
 PSYoungGen      total 76288K, used 65536K [0x000000076af00000, 0x0000000770400000, 0x00000007c0000000)
  eden space 65536K, 100% used [0x000000076af00000,0x000000076ef00000,0x000000076ef00000)
  from space 10752K, 0% used [0x000000076f980000,0x000000076f980000,0x0000000770400000)
  to   space 10752K, 0% used [0x000000076ef00000,0x000000076ef00000,0x000000076f980000)
 ParOldGen       total 175104K, used 0K [0x00000006c0c00000, 0x00000006cb700000, 0x000000076af00000)
  object space 175104K, 0% used [0x00000006c0c00000,0x00000006c0c00000,0x00000006cb700000)
 Metaspace       used 12142K, capacity 12466K, committed 12544K, reserved 1060864K
  class space    used 1437K, capacity 1527K, committed 1536K, reserved 1048576K
Event: 1.721 GC heap after
Heap after GC invocations=1 (full 0):
 PSYoungGen      total 76288K, used 3865K [0x000000076af00000, 0x0000000770400000, 0x00000007c0000000)
  eden space 65536K, 0% used [0x000000076af00000,0x000000076af00000,0x000000076ef00000)
  from space 10752K, 35% used [0x000000076ef00000,0x000000076f2c66b8,0x000000076f980000)
  to   space 10752K, 0% used [0x000000076f980000,0x000000076f980000,0x0000000770400000)
 ParOldGen       total 175104K, used 80K [0x00000006c0c00000, 0x00000006cb700000, 0x000000076af00000)
  object space 175104K, 0% used [0x00000006c0c00000,0x00000006c0c14010,0x00000006cb700000)
 Metaspace       used 12142K, capacity 12466K, committed 12544K, reserved 1060864K
  class space    used 1437K, capacity 1527K, committed 1536K, reserved 1048576K
}
Event: 2.861 GC heap before
{Heap before GC invocations=2 (full 0):
 PSYoungGen      total 76288K, used 68685K [0x000000076af00000, 0x0000000770400000, 0x00000007c0000000)
  eden space 65536K, 98% used [0x000000076af00000,0x000000076ee4d070,0x000000076ef00000)
  from space 10752K, 35% used [0x000000076ef00000,0x000000076f2c66b8,0x000000076f980000)
  to   space 10752K, 0% used [0x000000076f980000,0x000000076f980000,0x0000000770400000)
 ParOldGen       total 175104K, used 80K [0x00000006c0c00000, 0x00000006cb700000, 0x000000076af00000)
  object space 175104K, 0% used [0x00000006c0c00000,0x00000006c0c14010,0x00000006cb700000)
 Metaspace       used 19524K, capacity 20332K, committed 20608K, reserved 1067008K
  class space    used 2721K, capacity 2923K, committed 2944K, reserved 1048576K
Event: 2.866 GC heap after
Heap after GC invocations=2 (full 0):
 PSYoungGen      total 76288K, used 7193K [0x000000076af00000, 0x0000000770400000, 0x00000007c0000000)
  eden space 65536K, 0% used [0x000000076af00000,0x000000076af00000,0x000000076ef00000)
  from space 10752K, 66% used [0x000000076f980000,0x0000000770086630,0x0000000770400000)
  to   space 10752K, 0% used [0x000000076ef00000,0x000000076ef00000,0x000000076f980000)
 ParOldGen       total 175104K, used 96K [0x00000006c0c00000, 0x00000006cb700000, 0x000000076af00000)
  object space 175104K, 0% used [0x00000006c0c00000,0x00000006c0c18010,0x00000006cb700000)
 Metaspace       used 19524K, capacity 20332K, committed 20608K, reserved 1067008K
  class space    used 2721K, capacity 2923K, committed 2944K, reserved 1048576K
}
Event: 6.355 GC heap before
{Heap before GC invocations=3 (full 0):
 PSYoungGen      total 76288K, used 21696K [0x000000076af00000, 0x0000000770400000, 0x00000007c0000000)
  eden space 65536K, 22% used [0x000000076af00000,0x000000076bd29cf8,0x000000076ef00000)
  from space 10752K, 66% used [0x000000076f980000,0x0000000770086630,0x0000000770400000)
  to   space 10752K, 0% used [0x000000076ef00000,0x000000076ef00000,0x000000076f980000)
 ParOldGen       total 175104K, used 96K [0x00000006c0c00000, 0x00000006cb700000, 0x000000076af00000)
  object space 175104K, 0% used [0x00000006c0c00000,0x00000006c0c18010,0x00000006cb700000)
 Metaspace       used 20264K, capacity 21130K, committed 21248K, reserved 1067008K
  class space    used 2780K, capacity 2976K, committed 3072K, reserved 1048576K
Event: 6.370 GC heap after
Heap after GC invocations=3 (full 0):
 PSYoungGen      total 76288K, used 10529K [0x000000076af00000, 0x0000000770400000, 0x00000007c0000000)
  eden space 65536K, 0% used [0x000000076af00000,0x000000076af00000,0x000000076ef00000)
  from space 10752K, 97% used [0x000000076ef00000,0x000000076f948658,0x000000076f980000)
  to   space 10752K, 0% used [0x000000076f980000,0x000000076f980000,0x0000000770400000)
 ParOldGen       total 175104K, used 2152K [0x00000006c0c00000, 0x00000006cb700000, 0x000000076af00000)
  object space 175104K, 1% used [0x00000006c0c00000,0x00000006c0e1a020,0x00000006cb700000)
 Metaspace       used 20264K, capacity 21130K, committed 21248K, reserved 1067008K
  class space    used 2780K, capacity 2976K, committed 3072K, reserved 1048576K
}
Event: 6.370 GC heap before
{Heap before GC invocations=4 (full 1):
 PSYoungGen      total 76288K, used 10529K [0x000000076af00000, 0x0000000770400000, 0x00000007c0000000)
  eden space 65536K, 0% used [0x000000076af00000,0x000000076af00000,0x000000076ef00000)
  from space 10752K, 97% used [0x000000076ef00000,0x000000076f948658,0x000000076f980000)
  to   space 10752K, 0% used [0x000000076f980000,0x000000076f980000,0x0000000770400000)
 ParOldGen       total 175104K, used 2152K [0x00000006c0c00000, 0x00000006cb700000, 0x000000076af00000)
  object space 175104K, 1% used [0x00000006c0c00000,0x00000006c0e1a020,0x00000006cb700000)
 Metaspace       used 20264K, capacity 21130K, committed 21248K, reserved 1067008K
  class space    used 2780K, capacity 2976K, committed 3072K, reserved 1048576K
Event: 6.399 GC heap after
Heap after GC invocations=4 (full 1):
 PSYoungGen      total 76288K, used 0K [0x000000076af00000, 0x0000000770400000, 0x00000007c0000000)
  eden space 65536K, 0% used [0x000000076af00000,0x000000076af00000,0x000000076ef00000)
  from space 10752K, 0% used [0x000000076ef00000,0x000000076ef00000,0x000000076f980000)
  to   space 10752K, 0% used [0x000000076f980000,0x000000076f980000,0x0000000770400000)
 ParOldGen       total 78336K, used 10422K [0x00000006c0c00000, 0x00000006c5880000, 0x000000076af00000)
  object space 78336K, 13% used [0x00000006c0c00000,0x00000006c162d850,0x00000006c5880000)
 Metaspace       used 20264K, capacity 21130K, committed 21248K, reserved 1067008K
  class space    used 2780K, capacity 2976K, committed 3072K, reserved 1048576K
}

